\BOOKMARK [1][-]{section.1}{Datasets}{}% 1
\BOOKMARK [2][-]{subsection.1.1}{Dataset KDD Cup 1998}{section.1}% 2
\BOOKMARK [3][-]{subsubsection.1.1.1}{Characteristics of the dataset}{subsection.1.1}% 3
\BOOKMARK [3][-]{subsubsection.1.1.2}{Preprocessing}{subsection.1.1}% 4
\BOOKMARK [2][-]{subsection.1.2}{Dataset Breast cancer}{section.1}% 5
\BOOKMARK [3][-]{subsubsection.1.2.1}{Characteristics of the dataset}{subsection.1.2}% 6
\BOOKMARK [3][-]{subsubsection.1.2.2}{Preprocessing}{subsection.1.2}% 7
\BOOKMARK [2][-]{subsection.1.3}{Dataset Car evaluation}{section.1}% 8
\BOOKMARK [3][-]{subsubsection.1.3.1}{Characteristics of the dataset}{subsection.1.3}% 9
\BOOKMARK [3][-]{subsubsection.1.3.2}{Preprocessing}{subsection.1.3}% 10
\BOOKMARK [2][-]{subsection.1.4}{Dataset Detect Malicious Executable\(AntiVirus\)}{section.1}% 11
\BOOKMARK [3][-]{subsubsection.1.4.1}{Characteristics of the dataset}{subsection.1.4}% 12
\BOOKMARK [3][-]{subsubsection.1.4.2}{Preprocessing}{subsection.1.4}% 13
\BOOKMARK [1][-]{section.2}{Classifiers}{}% 14
\BOOKMARK [2][-]{subsection.2.1}{Naive Bayes}{section.2}% 15
\BOOKMARK [2][-]{subsection.2.2}{Support Vector Machine - SVM}{section.2}% 16
\BOOKMARK [2][-]{subsection.2.3}{Decision Tree}{section.2}% 17
\BOOKMARK [2][-]{subsection.2.4}{Random Forest}{section.2}% 18
\BOOKMARK [2][-]{subsection.2.5}{Performance measures}{section.2}% 19
\BOOKMARK [1][-]{section.3}{Dataset KDD Cup 1998}{}% 20
\BOOKMARK [2][-]{subsection.3.1}{Naive Bayes}{section.3}% 21
\BOOKMARK [2][-]{subsection.3.2}{Support Vector Machine - SVM}{section.3}% 22
\BOOKMARK [2][-]{subsection.3.3}{Decision Tree}{section.3}% 23
\BOOKMARK [2][-]{subsection.3.4}{Random Forest}{section.3}% 24
\BOOKMARK [2][-]{subsection.3.5}{Comparison of classifiers}{section.3}% 25
\BOOKMARK [1][-]{section.4}{Dataset Breast cancer}{}% 26
\BOOKMARK [2][-]{subsection.4.1}{Naive Bayes}{section.4}% 27
\BOOKMARK [2][-]{subsection.4.2}{Support Vector Machine - SVM}{section.4}% 28
\BOOKMARK [2][-]{subsection.4.3}{Decision Tree}{section.4}% 29
\BOOKMARK [2][-]{subsection.4.4}{Random Forest}{section.4}% 30
\BOOKMARK [2][-]{subsection.4.5}{Comparison of classifiers}{section.4}% 31
\BOOKMARK [1][-]{section.5}{Dataset Car evaluation}{}% 32
\BOOKMARK [2][-]{subsection.5.1}{Naive Bayes}{section.5}% 33
\BOOKMARK [2][-]{subsection.5.2}{Support Vector Machine - SVM}{section.5}% 34
\BOOKMARK [2][-]{subsection.5.3}{Decision Tree}{section.5}% 35
\BOOKMARK [2][-]{subsection.5.4}{Random Forest}{section.5}% 36
\BOOKMARK [2][-]{subsection.5.5}{Comparison of classifiers}{section.5}% 37
\BOOKMARK [1][-]{section.6}{Dataset Detect Malicious Executable\(AntiVirus\)}{}% 38
\BOOKMARK [2][-]{subsection.6.1}{Naive Bayes}{section.6}% 39
\BOOKMARK [2][-]{subsection.6.2}{Support Vector Machine - SVM}{section.6}% 40
\BOOKMARK [2][-]{subsection.6.3}{Decision Tree}{section.6}% 41
\BOOKMARK [2][-]{subsection.6.4}{Random Forest}{section.6}% 42
\BOOKMARK [2][-]{subsection.6.5}{Comparison of classifiers}{section.6}% 43
\BOOKMARK [1][-]{section.7}{Conclusion and future work}{}% 44
